The system is: Windows - 10.0.22621 - AMD64
Compiling the C compiler identification source file "CMakeCCompilerId.c" succeeded.
Compiler: C:/Program Files/Microsoft Visual Studio/2022/Community/VC/Tools/MSVC/14.36.32532/bin/Hostx86/x86/cl.exe 
Build flags: 
Id flags:  

The output was:
0
Microsoft (R) C/C++ Optimizing Compiler Version 19.36.32537 for x86
Copyright (C) Microsoft Corporation.  All rights reserved.

CMakeCCompilerId.c
Microsoft (R) Incremental Linker Version 14.36.32537.0
Copyright (C) Microsoft Corporation.  All rights reserved.

/out:CMakeCCompilerId.exe 
CMakeCCompilerId.obj 


Compilation of the C compiler identification source "CMakeCCompilerId.c" produced "CMakeCCompilerId.exe"

Compilation of the C compiler identification source "CMakeCCompilerId.c" produced "CMakeCCompilerId.obj"

The C compiler identification is MSVC, found in "C:/Users/Octa/Desktop/Projects/opengl/templates/DefaultTemplate/OpenGL-Clion-Complete-Configuration/OpengGL-Default-Template/cmake-build-debug-visual-studio/CMakeFiles/3.25.2/CompilerIdC/CMakeCCompilerId.exe"

Compiling the CXX compiler identification source file "CMakeCXXCompilerId.cpp" succeeded.
Compiler: C:/Program Files/Microsoft Visual Studio/2022/Community/VC/Tools/MSVC/14.36.32532/bin/Hostx86/x86/cl.exe 
Build flags: 
Id flags:  

The output was:
0
Microsoft (R) C/C++ Optimizing Compiler Version 19.36.32537 for x86
Copyright (C) Microsoft Corporation.  All rights reserved.

CMakeCXXCompilerId.cpp
Microsoft (R) Incremental Linker Version 14.36.32537.0
Copyright (C) Microsoft Corporation.  All rights reserved.

/out:CMakeCXXCompilerId.exe 
CMakeCXXCompilerId.obj 


Compilation of the CXX compiler identification source "CMakeCXXCompilerId.cpp" produced "CMakeCXXCompilerId.exe"

Compilation of the CXX compiler identification source "CMakeCXXCompilerId.cpp" produced "CMakeCXXCompilerId.obj"

The CXX compiler identification is MSVC, found in "C:/Users/Octa/Desktop/Projects/opengl/templates/DefaultTemplate/OpenGL-Clion-Complete-Configuration/OpengGL-Default-Template/cmake-build-debug-visual-studio/CMakeFiles/3.25.2/CompilerIdCXX/CMakeCXXCompilerId.exe"

Detecting C compiler ABI info compiled with the following output:
Change Dir: C:/Users/Octa/Desktop/Projects/opengl/templates/DefaultTemplate/OpenGL-Clion-Complete-Configuration/OpengGL-Default-Template/cmake-build-debug-visual-studio/CMakeFiles/CMakeScratch/TryCompile-yjus3v

Run Build Command(s):nmake -f Makefile /nologo cmTC_540bf\fast && 	"C:\Program Files\Microsoft Visual Studio\2022\Community\VC\Tools\MSVC\14.36.32532\bin\HostX86\x86\nmake.exe"  -f CMakeFiles\cmTC_540bf.dir\build.make /nologo -L                  CMakeFiles\cmTC_540bf.dir\build
Building C object CMakeFiles/cmTC_540bf.dir/CMakeCCompilerABI.c.obj
	"C:\Program Files\JetBrains\CLion 2023.1.5\bin\cmake\win\x64\bin\cmake.exe" -E cmake_cl_compile_depends --dep-file=CMakeFiles\cmTC_540bf.dir\CMakeCCompilerABI.c.obj.d --working-dir=C:\Users\Octa\Desktop\Projects\opengl\templates\DefaultTemplate\OpenGL-Clion-Complete-Configuration\OpengGL-Default-Template\cmake-build-debug-visual-studio\CMakeFiles\CMakeScratch\TryCompile-yjus3v --filter-prefix="Note: including file: " -- C:\PROGRA~1\MICROS~3\2022\COMMUN~1\VC\Tools\MSVC\1436~1.325\bin\Hostx86\x86\cl.exe @C:\Users\Octa\AppData\Local\Temp\nm4A1E.tmp
CMakeCCompilerABI.c
Linking C executable cmTC_540bf.exe
	"C:\Program Files\JetBrains\CLion 2023.1.5\bin\cmake\win\x64\bin\cmake.exe" -E vs_link_exe --intdir=CMakeFiles\cmTC_540bf.dir --rc=C:\PROGRA~2\WI3CF2~1\10\bin\100220~1.0\x86\rc.exe --mt=C:\PROGRA~2\WI3CF2~1\10\bin\100220~1.0\x86\mt.exe --manifests -- C:\PROGRA~1\MICROS~3\2022\COMMUN~1\VC\Tools\MSVC\1436~1.325\bin\Hostx86\x86\link.exe /nologo @CMakeFiles\cmTC_540bf.dir\objects1 @C:\Users\Octa\AppData\Local\Temp\nm4A6E.tmp



Detecting CXX compiler ABI info compiled with the following output:
Change Dir: C:/Users/Octa/Desktop/Projects/opengl/templates/DefaultTemplate/OpenGL-Clion-Complete-Configuration/OpengGL-Default-Template/cmake-build-debug-visual-studio/CMakeFiles/CMakeScratch/TryCompile-gwxzke

Run Build Command(s):nmake -f Makefile /nologo cmTC_95c16\fast && 	"C:\Program Files\Microsoft Visual Studio\2022\Community\VC\Tools\MSVC\14.36.32532\bin\HostX86\x86\nmake.exe"  -f CMakeFiles\cmTC_95c16.dir\build.make /nologo -L                  CMakeFiles\cmTC_95c16.dir\build
Building CXX object CMakeFiles/cmTC_95c16.dir/CMakeCXXCompilerABI.cpp.obj
	"C:\Program Files\JetBrains\CLion 2023.1.5\bin\cmake\win\x64\bin\cmake.exe" -E cmake_cl_compile_depends --dep-file=CMakeFiles\cmTC_95c16.dir\CMakeCXXCompilerABI.cpp.obj.d --working-dir=C:\Users\Octa\Desktop\Projects\opengl\templates\DefaultTemplate\OpenGL-Clion-Complete-Configuration\OpengGL-Default-Template\cmake-build-debug-visual-studio\CMakeFiles\CMakeScratch\TryCompile-gwxzke --filter-prefix="Note: including file: " -- C:\PROGRA~1\MICROS~3\2022\COMMUN~1\VC\Tools\MSVC\1436~1.325\bin\Hostx86\x86\cl.exe @C:\Users\Octa\AppData\Local\Temp\nm4C12.tmp
CMakeCXXCompilerABI.cpp
Linking CXX executable cmTC_95c16.exe
	"C:\Program Files\JetBrains\CLion 2023.1.5\bin\cmake\win\x64\bin\cmake.exe" -E vs_link_exe --intdir=CMakeFiles\cmTC_95c16.dir --rc=C:\PROGRA~2\WI3CF2~1\10\bin\100220~1.0\x86\rc.exe --mt=C:\PROGRA~2\WI3CF2~1\10\bin\100220~1.0\x86\mt.exe --manifests -- C:\PROGRA~1\MICROS~3\2022\COMMUN~1\VC\Tools\MSVC\1436~1.325\bin\Hostx86\x86\link.exe /nologo @CMakeFiles\cmTC_95c16.dir\objects1 @C:\Users\Octa\AppData\Local\Temp\nm4C62.tmp



